epoch,acc,loss,val_acc,val_loss
0,0.23375,5.110628199577332,0.15,4.571868314743042
1,0.16,4.848384747505188,0.36,4.292409038543701
2,0.316875,4.751102132797241,0.33,4.438480949401855
3,0.358125,4.733456544876098,0.34,5.109176435470581
4,0.34625,4.5530166959762575,0.34,4.459464092254638
5,0.373125,4.583841993808746,0.35,3.9714748954772947
6,0.404375,4.438810431957245,0.35,4.102541589736939
7,0.3875,4.250939128398895,0.35,4.255310115814209
8,0.39875,4.314182708263397,0.35,3.963479309082031
9,0.394375,4.244102828502655,0.35,3.665399284362793
10,0.4125,4.222451474666595,0.35,3.852246255874634
11,0.408125,4.0435364723205565,0.35,3.595514678955078
12,0.408125,4.16646903514862,0.35,3.646007122993469
13,0.399375,4.038887267112732,0.35,3.496214199066162
14,0.424375,4.022136161327362,0.35,3.814374041557312
15,0.424375,4.05620929479599,0.35,3.702645893096924
16,0.405625,3.9578254294395445,0.35,3.3254211568832397
17,0.415,3.900143837928772,0.35,3.6117698764801025
18,0.405625,3.952731132507324,0.35,3.5833118677139284
19,0.424375,3.9933456707000734,0.35,3.5675710678100585
20,0.411875,3.9526293802261354,0.4,3.5216936111450194
21,0.4175,3.980109250545502,0.35,3.5894886112213134
22,0.419375,3.8845296502113342,0.4,3.356782455444336
23,0.4025,3.9039916467666624,0.36,3.366244149208069
24,0.435625,3.8673882341384886,0.38,3.3285599040985105
25,0.41,3.890102105140686,0.4,3.3175054740905763
26,0.420625,3.8032649207115172,0.38,3.148846049308777
27,0.398125,3.8220059132575988,0.42,3.0737028694152833
28,0.405,3.7981997513771057,0.39,3.3646663665771483
29,0.433125,3.751995575428009,0.44,3.0978488159179687
30,0.43125,3.6910669016838074,0.41,3.1632945251464846
31,0.424375,3.684616947174072,0.46,2.9607666397094725
32,0.43,3.550676929950714,0.39,3.1732208156585693
33,0.4275,3.8743143105506896,0.44,3.6338225555419923
34,0.391875,3.838621814250946,0.38,3.476896228790283
35,0.4225,3.8559840512275696,0.27,6.173861293792725
36,0.3975,3.7797998070716856,0.42,3.419462842941284
37,0.429375,3.7430184125900268,0.49,3.2067994689941406
38,0.366875,3.9828169178962707,0.41,3.2833444404602052
39,0.391875,3.8452375531196594,0.37,3.5110338306427002
40,0.41375,3.914264998435974,0.37,3.2367843055725096
41,0.4075,3.8338124918937684,0.45,3.1762564849853514
42,0.41,3.577278740406036,0.45,3.2852119827270507
43,0.414375,3.779719846248627,0.47,3.227092409133911
44,0.424375,3.7002037453651426,0.44,3.018274869918823
45,0.41125,3.770959322452545,0.46,3.2038339138031007
46,0.450625,3.8174128222465513,0.48,3.2099252843856814
47,0.40875,3.7085988664627076,0.44,3.0945206260681153
48,0.39375,3.6790436720848083,0.4,3.462011704444885
49,0.434375,3.860629653930664,0.44,3.0223621368408202
50,0.41625,3.9433892941474915,0.49,3.763031120300293
51,0.41625,3.7891325402259826,0.47,3.4330406284332273
52,0.434375,3.829771251678467,0.47,3.1655220222473144
53,0.438125,3.7874243903160094,0.49,2.965531516075134
54,0.45875,3.686180465221405,0.45,3.0668690490722654
55,0.419375,3.6992293882369993,0.46,3.7324811458587646
56,0.425625,3.6401043486595155,0.41,3.2343680667877197
57,0.413125,3.7635414242744445,0.52,3.6658094120025635
58,0.43125,3.7128022933006286,0.48,3.0330263423919677
59,0.4375,3.6982826089859007,0.44,3.026725149154663
60,0.43625,3.6271588611602783,0.43,3.752324814796448
61,0.434375,3.8083673548698425,0.49,3.172544836997986
62,0.46625,3.8683854007720946,0.47,3.6783862113952637
63,0.45375,3.702855496406555,0.51,3.2631791114807127
64,0.45,3.7151873254776,0.53,2.928939867019653
65,0.460625,3.6721717429161074,0.5,3.459878530502319
66,0.43375,3.7225652146339416,0.51,3.4704306316375733
67,0.433125,3.7788942217826844,0.53,3.5881508731842042
68,0.440625,3.7675713896751404,0.45,3.609238181114197
69,0.429375,3.7434661865234373,0.53,3.267280628681183
70,0.455,3.812312524318695,0.52,2.8091247415542604
71,0.441875,3.750587472915649,0.55,3.261947374343872
72,0.450625,3.82092964887619,0.48,3.5697982501983643
73,0.4375,3.689020884037018,0.52,3.3839880561828615
74,0.46375,3.6703740787506103,0.48,3.226910696029663
75,0.435,3.608934075832367,0.48,2.9697709107398986
76,0.454375,3.8284713339805605,0.46,3.4840739727020265
77,0.451875,3.8705457854270935,0.51,3.070228018760681
78,0.45875,3.6835835313797,0.44,3.4975459289550783
79,0.44,3.7337254881858826,0.38,3.288247265815735
80,0.4375,3.814386968612671,0.43,3.156256790161133
81,0.43875,3.7834257769584654,0.5,3.514721088409424
82,0.443125,3.657630023956299,0.5,3.2754995155334474
83,0.42,3.873293445110321,0.42,3.83262228012085
84,0.42,3.7842865204811096,0.46,3.48825624704361
85,0.43875,3.7128182816505433,0.48,3.3412069702148437
86,0.441875,3.7266086077690126,0.49,3.2817729568481444
87,0.453125,3.6266951894760133,0.49,3.2488914918899536
88,0.440625,3.690580179691315,0.51,3.892775146961212
89,0.439375,3.844544014930725,0.46,3.492543144226074
90,0.45125,3.767497582435608,0.48,3.4388935470581057
91,0.4425,3.5508868360519408,0.54,3.3117306423187256
92,0.44875,3.583014748096466,0.52,3.3629084253311157
93,0.4725,3.577931203842163,0.51,3.2122222495079042
94,0.4625,3.555478479862213,0.54,3.2074375700950624
95,0.456875,3.541181012392044,0.47,3.2308104038238525
96,0.478125,3.682036452293396,0.45,3.460711874961853
97,0.466875,3.616423180103302,0.49,3.385561065673828
98,0.44625,3.6270645785331728,0.5,3.226314113140106
99,0.450625,3.64160635471344,0.5,2.8472197341918943
100,0.47,3.4556140077114104,0.49,2.808106679916382
101,0.48875,3.4888579452037813,0.49,4.310647516250611
102,0.455625,3.5717283701896667,0.57,2.7509207582473754
103,0.483125,3.580036109685898,0.53,3.019211926460266
104,0.4775,3.5597436738014223,0.53,2.9040556383132934
105,0.46625,3.5362891602516173,0.55,2.7987749409675597
106,0.461875,3.584568159580231,0.55,2.764474732875824
107,0.460625,3.591744406223297,0.53,2.8719668626785277
108,0.46,3.5639200091361998,0.54,3.175568025112152
109,0.493125,3.5161082577705383,0.55,2.8823183798789977
110,0.475,3.54571790933609,0.44,4.60283727645874
111,0.494375,3.467493712902069,0.53,3.4228284740448
112,0.48375,3.541560196876526,0.57,2.9013699817657472
113,0.470625,3.5597523188591005,0.5,3.2550902652740477
114,0.49,3.5870690178871154,0.5,3.38356502532959
115,0.49,3.6248508286476135,0.56,3.3516526675224303
116,0.49125,3.421218272447586,0.52,3.4654063034057616
117,0.47875,3.6448244976997377,0.55,3.3051962089538574
118,0.505625,3.4266942596435546,0.51,3.31198059797287
119,0.460625,3.5739434432983397,0.5,3.229221215248108
120,0.506875,3.607028146982193,0.53,3.201498508453369
121,0.488125,3.6334452342987063,0.51,3.2962592792510987
122,0.491875,3.6890605330467223,0.5,3.250285985469818
123,0.47125,3.4662102377414703,0.54,3.174302978515625
124,0.458125,3.588975030183792,0.5,2.9967578840255737
125,0.473125,3.5406630885601045,0.53,3.00264456987381
126,0.47125,3.688630201816559,0.55,3.4929433131217955
127,0.508125,3.5578779006004333,0.52,2.7788464641571045
128,0.501875,3.6161307978630064,0.57,3.1690934467315675
129,0.46625,3.5327157330513,0.56,3.744876570701599
130,0.485,3.4322486901283265,0.58,3.588306498527527
131,0.479375,3.4822444844245912,0.56,2.751112554073334
132,0.50375,3.575177838802338,0.45,3.0729915571212767
133,0.485625,3.664658601284027,0.48,3.085789165496826
134,0.468125,3.61472772359848,0.5,3.7528934192657473
135,0.490625,3.580092496871948,0.56,3.0175619459152223
136,0.484375,3.4433784317970275,0.62,2.7652045249938966
137,0.474375,3.476585910320282,0.48,3.277853226661682
138,0.483125,3.7592975306510925,0.48,4.77077486038208
139,0.493125,3.696289756298065,0.47,3.8184848976135255
140,0.46875,3.8083296275138854,0.63,3.1759899759292605
141,0.48375,3.6073743534088134,0.59,3.004284176826477
142,0.488125,3.814599270820618,0.56,2.9849726152420044
143,0.47,3.6786102533340452,0.62,2.8960533213615416
144,0.4825,3.7785429692268373,0.56,3.212674732208252
145,0.48875,3.570113763809204,0.58,2.892245659828186
146,0.488125,3.324475224018097,0.61,3.105794095993042
147,0.485,3.504646847248077,0.58,2.9210055017471315
148,0.4975,3.343552302122116,0.6,2.894857759475708
149,0.49125,3.468202204704285,0.62,2.8517592000961303
150,0.51625,3.4479341566562653,0.6,2.8387768626213075
151,0.5,3.369445641040802,0.64,2.6358879947662355
152,0.528125,3.3930803084373475,0.61,2.636501474380493
153,0.4925,3.4754286015033724,0.54,2.719073233604431
154,0.470625,3.4955973052978515,0.6,2.6289356422424315
155,0.4875,3.6244727087020876,0.63,2.681154146194458
156,0.484375,3.5056578803062437,0.57,2.7781291389465332
157,0.526875,3.5393316340446472,0.62,2.8487866282463075
158,0.506875,3.330136413574219,0.6,2.625381784439087
159,0.508125,3.3989166402816773,0.64,2.793894386291504
160,0.491875,3.4285387432575227,0.61,2.8137749433517456
161,0.5325,3.3471012127399447,0.62,2.6287072348594664
162,0.4975,3.446467072963715,0.61,2.666709475517273
163,0.508125,3.5457803082466124,0.64,2.610984899997711
164,0.504375,3.464924705028534,0.58,2.760896615982056
165,0.5125,3.4024057722091676,0.6,2.7683314752578734
166,0.509375,3.4701105201244355,0.6,2.7906341552734375
167,0.513125,3.523900771141052,0.52,3.2592913269996644
168,0.504375,3.7495724821090697,0.53,3.0536286759376527
169,0.48,3.8164386987686156,0.53,2.9044016766548157
170,0.46875,3.7773252964019775,0.43,4.486811285018921
171,0.443125,3.8449221229553223,0.47,5.561279230117798
172,0.455,3.606929244995117,0.57,3.3425227212905884
173,0.506875,3.5264638018608094,0.54,3.123965373039246
174,0.480625,3.509347560405731,0.54,2.8323842000961306
175,0.50875,3.548712190389633,0.55,2.7089762711524963
176,0.493125,3.6185885643959046,0.61,2.6461841249465943
177,0.503125,3.5371651244163513,0.6,2.8381469774246217
178,0.4925,3.535095739364624,0.52,3.201000680923462
179,0.4975,3.4955569422245025,0.6,2.955818164348602
180,0.48375,3.4645869278907777,0.62,2.7355788278579714
181,0.513125,3.4033419251441956,0.59,2.720602045059204
182,0.49125,3.5358716464042663,0.55,2.717351908683777
183,0.47,3.4375818967819214,0.59,2.63898508310318
184,0.520625,3.503434410095215,0.57,2.6575823402404786
185,0.506875,3.6987453055381776,0.58,2.7404716920852663
186,0.503125,3.6626329946517946,0.65,2.575552248954773
187,0.491875,3.876230583190918,0.61,2.545622262954712
188,0.4875,3.592506388425827,0.62,2.80479745388031
189,0.49375,3.715660171508789,0.65,2.7144697546958922
190,0.491875,3.731900215148926,0.48,4.3943565082550045
191,0.478125,3.6838540840148926,0.5,3.6124502086639403
192,0.495,3.7026449847221374,0.57,2.6986879777908324
193,0.490625,3.5803651714324953,0.59,2.842932822704315
194,0.50375,3.774761651754379,0.58,2.824151575565338
195,0.50625,3.834928801059723,0.58,2.687966809272766
196,0.503125,3.724430899620056,0.63,2.619546194076538
197,0.49875,3.8550927948951723,0.55,3.881861381530762
198,0.508125,3.740264412164688,0.6,2.7885219430923462
199,0.489375,3.692777931690216,0.56,2.7942508268356323
200,0.511875,3.6922803032398224,0.55,2.824189691543579
201,0.516875,3.5807662177085877,0.57,2.747624855041504
202,0.500625,3.6051398301124573,0.55,2.650722680091858
203,0.500625,3.492560782432556,0.61,2.637036693096161
204,0.495,3.4098107028007507,0.66,2.661293866634369
205,0.52875,3.4850768351554873,0.61,2.748480303287506
206,0.516875,3.429773406982422,0.6,2.718699803352356
207,0.510625,3.499744038581848,0.6,3.4784011840820312
208,0.489375,3.621768902540207,0.64,2.8659420871734618
209,0.50125,3.5668467140197753,0.53,4.904040460586548
210,0.50625,3.4014388346672058,0.61,2.8732013392448423
211,0.4875,3.682407146692276,0.56,2.9434559965133666
212,0.495,3.647861158847809,0.48,3.6653384304046632
213,0.4875,3.8387218475341798,0.51,3.218967056274414
214,0.494375,3.977146399021149,0.55,3.001696789264679
215,0.49875,3.826779420375824,0.61,2.6894311451911928
216,0.49,3.6254328179359434,0.52,3.312245082855225
217,0.49,3.8043160963058473,0.57,2.7093255281448365
218,0.490625,3.7418355989456176,0.53,3.0283016753196716
219,0.491875,3.757924780845642,0.54,3.3558650827407837
220,0.4875,3.767239316701889,0.56,2.8150829005241396
221,0.5,3.607817356586456,0.64,2.9123403072357177
222,0.501875,3.9428716945648192,0.59,3.77432026386261
223,0.508125,3.8581156015396116,0.55,2.949091866016388
224,0.50875,3.724908215999603,0.53,3.4423514437675475
225,0.498125,3.610556175708771,0.59,3.3725512409210205
226,0.53875,3.7014052271842957,0.62,3.0576871967315675
227,0.5175,3.596184161901474,0.62,2.6714825773239137
228,0.503125,3.610624125003815,0.62,2.881680042743683
229,0.501875,3.6803567695617674,0.64,3.0717452549934388
230,0.49375,3.5767426908016207,0.6,2.8278362584114074
231,0.4975,3.6563463234901428,0.61,2.6163401055335997
232,0.50625,3.522563931941986,0.61,2.5855272006988526
233,0.4925,3.675140941143036,0.63,2.6320709562301636
234,0.495625,3.7922087502479553,0.45,4.515179300308228
235,0.46125,3.815444173812866,0.47,3.6377981090545655
236,0.47375,3.509816884994507,0.54,2.80441130399704
237,0.48125,3.6168676149845123,0.58,2.6639141750335695
